<?xml version="1.0" encoding="UTF-8"?>
<Site BuildName="(empty)"
	BuildStamp="20230421-1425-Experimental"
	Name="(empty)"
	Generator="ctest-3.26.1"
	CompilerName=""
	CompilerVersion=""
	OSName="Linux"
	Hostname="codespaces-187cce"
	OSRelease="5.4.0-1105-azure"
	OSVersion="#111~18.04.1-Ubuntu SMP Fri Mar 3 22:47:43 UTC 2023"
	OSPlatform="x86_64"
	Is64Bits="1"
	VendorString="GenuineIntel"
	VendorID="Intel Corporation"
	FamilyID="6"
	ModelID="85"
	ProcessorCacheSize="36608"
	NumberOfLogicalCPU="8"
	NumberOfPhysicalCPU="4"
	TotalVirtualMemory="0"
	TotalPhysicalMemory="16008"
	LogicalProcessorsPerPhysical="2"
	ProcessorClockFrequency="2593.91"
	>
	<Testing>
		<StartDateTime>Apr 21 14:25 UTC</StartDateTime>
		<StartTestTime>1682087156</StartTestTime>
		<TestList/>
		<EndDateTime>Apr 21 14:25 UTC</EndDateTime>
		<EndTestTime>1682087156</EndTestTime>
		<ElapsedMinutes>0</ElapsedMinutes>
	</Testing>
</Site>
